<?xml version="1.0" encoding="UTF-8"?>
<robot generator="Robot 7.2.2 (Python 3.13.4 on win32)" generated="2025-06-20T12:52:48.330818" rpa="false" schemaversion="5">
<suite id="s1" name="Login" source="C:\codetectives\tests\Login.robot">
<test id="s1-t1" name="Login com campos em branco" line="10">
<kw name="Start Session" owner="base" type="SETUP">
<kw name="New Browser" owner="Browser">
<msg time="2025-06-20T12:52:49.160654" level="INFO">{"browser": "chromium", "headless": false, "chromiumSandbox": false, "devtools": false, "handleSIGHUP": true, "handleSIGINT": true, "handleSIGTERM": true, "slowMo": 0.0, "timeout": 30000.0, "tracesDir": "C:\\codetectives\\results\\browser\\traces\\temp\\61721c91-2b85-4c30-a39e-0f37abaa7501"}</msg>
<msg time="2025-06-20T12:52:49.180303" level="INFO">Starting Browser process C:\Users\luism\AppData\Local\Programs\Python\Python313\Lib\site-packages\Browser\wrapper\index.js using at 127.0.0.1:13838</msg>
<msg time="2025-06-20T12:52:50.383411" level="INFO">Successfully created browser with options: {"browser":"chromium","headless":false,"chromiumSandbox":false,"devtools":false,"handleSIGHUP":true,"handleSIGINT":true,"handleSIGTERM":true,"slowMo":0,"timeout":30000,"tracesDir":"C:\\codetectives\\results\\browser\\traces\\temp\\61721c91-2b85-4c30-a39e-0f37abaa7501"}</msg>
<arg>browser=chromium</arg>
<arg>headless=False</arg>
<tag>BrowserControl</tag>
<tag>Setter</tag>
<doc>Create a new playwright Browser with specified options.</doc>
<status status="PASS" start="2025-06-20T12:52:49.160062" elapsed="1.223637"/>
</kw>
<kw name="New Page" owner="Browser">
<msg time="2025-06-20T12:52:52.824570" level="INFO">Successfully initialized new page object and opened url: https://compassuolfront.serverest.dev</msg>
<msg time="2025-06-20T12:52:52.824661" level="INFO">No context was open. New context was automatically opened when this page is created.</msg>
<arg>${BASE_URL}</arg>
<tag>BrowserControl</tag>
<tag>Setter</tag>
<doc>Open a new Page.</doc>
<status status="PASS" start="2025-06-20T12:52:50.384022" elapsed="2.440821"/>
</kw>
<status status="PASS" start="2025-06-20T12:52:49.159228" elapsed="3.665755"/>
</kw>
<kw name="Create Dictionary" owner="BuiltIn">
<msg time="2025-06-20T12:52:52.826494" level="INFO">${user} = {'email': '', 'password': ''}</msg>
<var>${user}</var>
<arg>email=${EMPTY}</arg>
<arg>password=${EMPTY}</arg>
<doc>Creates and returns a dictionary based on the given ``items``.</doc>
<status status="PASS" start="2025-06-20T12:52:52.825408" elapsed="0.001117"/>
</kw>
<kw name="Submit sign up form" owner="LoginPage">
<kw name="Fill Text" owner="Browser">
<msg time="2025-06-20T12:52:52.827738" level="INFO">Fills the text '' in the given field.</msg>
<arg>${email_field}</arg>
<arg>${user}[email]</arg>
<tag>PageContent</tag>
<tag>Setter</tag>
<doc>Clears and fills the given ``txt`` into the text field found by ``selector``.</doc>
<status status="PASS" start="2025-06-20T12:52:52.827217" elapsed="0.086500"/>
</kw>
<kw name="Fill Text" owner="Browser">
<msg time="2025-06-20T12:52:52.914421" level="INFO">Fills the text '' in the given field.</msg>
<arg>${password_field}</arg>
<arg>${user}[password]</arg>
<tag>PageContent</tag>
<tag>Setter</tag>
<doc>Clears and fills the given ``txt`` into the text field found by ``selector``.</doc>
<status status="PASS" start="2025-06-20T12:52:52.913926" elapsed="0.011171"/>
</kw>
<arg>${user}</arg>
<status status="PASS" start="2025-06-20T12:52:52.826821" elapsed="0.098399"/>
</kw>
<kw name="Click" owner="Browser">
<msg time="2025-06-20T12:52:52.926081" level="INFO">Clicks the element 'css=.btn-primary'.</msg>
<arg>${login_btn}</arg>
<tag>PageContent</tag>
<tag>Setter</tag>
<doc>Simulates mouse click on the element found by ``selector``.</doc>
<status status="PASS" start="2025-06-20T12:52:52.925464" elapsed="0.046929"/>
</kw>
<kw name="Alert should be" owner="base">
<kw name="Wait For Elements State" owner="Browser">
<msg time="2025-06-20T12:52:53.786413" level="INFO">Waited for Element with selector xpath=//span[text()="Email é obrigatório"] at state visible</msg>
<arg>xpath=//span[text()="${expected_text}"]</arg>
<arg>visible</arg>
<arg>5</arg>
<tag>PageContent</tag>
<tag>Wait</tag>
<doc>Waits for the element found by ``selector`` to satisfy state option.</doc>
<status status="PASS" start="2025-06-20T12:52:52.973371" elapsed="0.813204"/>
</kw>
<arg>${ERROR_REQUIRED_EMAIL}</arg>
<status status="PASS" start="2025-06-20T12:52:52.972762" elapsed="0.813910"/>
</kw>
<kw name="Alert should be" owner="base">
<kw name="Wait For Elements State" owner="Browser">
<msg time="2025-06-20T12:52:53.791894" level="INFO">Waited for Element with selector xpath=//span[text()="Password é obrigatório"] at state visible</msg>
<arg>xpath=//span[text()="${expected_text}"]</arg>
<arg>visible</arg>
<arg>5</arg>
<tag>PageContent</tag>
<tag>Wait</tag>
<doc>Waits for the element found by ``selector`` to satisfy state option.</doc>
<status status="PASS" start="2025-06-20T12:52:53.787683" elapsed="0.004326"/>
</kw>
<arg>${ERROR_REQUIRED_PASSWORD}</arg>
<status status="PASS" start="2025-06-20T12:52:53.787233" elapsed="0.004857"/>
</kw>
<msg time="2025-06-20T12:52:53.803841" level="INFO">Switching context to context=3a0353d5-ce60-4a4d-8f3c-bb60b2d2bb1b in CURRENT</msg>
<msg time="2025-06-20T12:52:53.808435" level="INFO">Successfully changed active context: context=3a0353d5-ce60-4a4d-8f3c-bb60b2d2bb1b</msg>
<msg time="2025-06-20T12:52:53.835557" level="INFO">Successfully closed Context</msg>
<doc>Verifica se os campos obrigatórios são validados</doc>
<tag>authentication</tag>
<tag>login</tag>
<tag>negative</tag>
<tag>validation</tag>
<status status="PASS" start="2025-06-20T12:52:49.158496" elapsed="4.633791"/>
</test>
<test id="s1-t2" name="Login com dados válidos" line="26">
<kw name="Start Session" owner="base" type="SETUP">
<kw name="New Browser" owner="Browser">
<msg time="2025-06-20T12:52:53.839990" level="INFO">Switching browser to browser=38e08aba-be2f-4e80-96f7-79f52cf04ddc</msg>
<msg time="2025-06-20T12:52:53.841701" level="INFO">Successfully changed active browser: browser=38e08aba-be2f-4e80-96f7-79f52cf04ddc</msg>
<msg time="2025-06-20T12:52:53.841781" level="INFO">Reusing existing browser with id: browser=38e08aba-be2f-4e80-96f7-79f52cf04ddc</msg>
<arg>browser=chromium</arg>
<arg>headless=False</arg>
<tag>BrowserControl</tag>
<tag>Setter</tag>
<doc>Create a new playwright Browser with specified options.</doc>
<status status="PASS" start="2025-06-20T12:52:53.839511" elapsed="0.002320"/>
</kw>
<kw name="New Page" owner="Browser">
<msg time="2025-06-20T12:52:55.841008" level="INFO">Successfully initialized new page object and opened url: https://compassuolfront.serverest.dev</msg>
<msg time="2025-06-20T12:52:55.841102" level="INFO">No context was open. New context was automatically opened when this page is created.</msg>
<arg>${BASE_URL}</arg>
<tag>BrowserControl</tag>
<tag>Setter</tag>
<doc>Open a new Page.</doc>
<status status="PASS" start="2025-06-20T12:52:53.842004" elapsed="1.999258"/>
</kw>
<status status="PASS" start="2025-06-20T12:52:53.839114" elapsed="2.002256"/>
</kw>
<kw name="Cadastrar usuário padrão" owner="base">
<kw name="Name" owner="FakerLibrary">
<msg time="2025-06-20T12:52:55.842769" level="INFO">${VALID_NAME} = Pamela Pena</msg>
<var>${VALID_NAME}</var>
<doc>:example: 'John Doe'</doc>
<status status="PASS" start="2025-06-20T12:52:55.842273" elapsed="0.000522"/>
</kw>
<kw name="Email" owner="FakerLibrary">
<msg time="2025-06-20T12:52:55.843174" level="INFO">${VALID_EMAIL} = tshepard@example.org</msg>
<var>${VALID_EMAIL}</var>
<status status="PASS" start="2025-06-20T12:52:55.842888" elapsed="0.000311"/>
</kw>
<kw name="Password" owner="FakerLibrary">
<msg time="2025-06-20T12:52:55.843582" level="INFO">${VALID_PASSWORD} = 9JeZSSav</msg>
<var>${VALID_PASSWORD}</var>
<arg>length=8</arg>
<arg>special_chars=False</arg>
<doc>Generate a random password of the specified ``length``.</doc>
<status status="PASS" start="2025-06-20T12:52:55.843284" elapsed="0.000320"/>
</kw>
<kw name="Set Global Variable" owner="BuiltIn">
<msg time="2025-06-20T12:52:55.844112" level="INFO">${VALID_EMAIL} = tshepard@example.org</msg>
<arg>${VALID_EMAIL}</arg>
<doc>Makes a variable available globally in all tests and suites.</doc>
<status status="PASS" start="2025-06-20T12:52:55.843883" elapsed="0.000264"/>
</kw>
<kw name="Set Global Variable" owner="BuiltIn">
<msg time="2025-06-20T12:52:55.844421" level="INFO">${VALID_PASSWORD} = 9JeZSSav</msg>
<arg>${VALID_PASSWORD}</arg>
<doc>Makes a variable available globally in all tests and suites.</doc>
<status status="PASS" start="2025-06-20T12:52:55.844233" elapsed="0.000220"/>
</kw>
<kw name="Go to User Page" owner="base">
<kw name="Go To" owner="Browser">
<msg time="2025-06-20T12:52:56.532687" level="INFO">Successfully opened URL https://compassuolfront.serverest.dev/cadastrarusuarios</msg>
<arg>${BASE_URL}/cadastrarusuarios</arg>
<tag>BrowserControl</tag>
<tag>Setter</tag>
<doc>Navigates to the given ``url``.</doc>
<status status="PASS" start="2025-06-20T12:52:55.844785" elapsed="0.688073"/>
</kw>
<status status="PASS" start="2025-06-20T12:52:55.844558" elapsed="0.688396"/>
</kw>
<kw name="Create Dictionary" owner="BuiltIn">
<msg time="2025-06-20T12:52:56.533516" level="INFO">${user} = {'name': 'Pamela Pena', 'email': 'tshepard@example.org', 'password': '9JeZSSav'}</msg>
<var>${user}</var>
<arg>name=${VALID_NAME}</arg>
<arg>email=${VALID_EMAIL}</arg>
<arg>password=${VALID_PASSWORD}</arg>
<doc>Creates and returns a dictionary based on the given ``items``.</doc>
<status status="PASS" start="2025-06-20T12:52:56.533095" elapsed="0.000448"/>
</kw>
<kw name="Fill Text" owner="Browser">
<msg time="2025-06-20T12:52:56.534027" level="INFO">Fills the text 'Pamela Pena' in the given field.</msg>
<arg>data-testid=nome</arg>
<arg>${VALID_NAME}</arg>
<tag>PageContent</tag>
<tag>Setter</tag>
<doc>Clears and fills the given ``txt`` into the text field found by ``selector``.</doc>
<status status="PASS" start="2025-06-20T12:52:56.533641" elapsed="0.022314"/>
</kw>
<kw name="Fill Text" owner="Browser">
<msg time="2025-06-20T12:52:56.556666" level="INFO">Fills the text 'tshepard@example.org' in the given field.</msg>
<arg>data-testid=email</arg>
<arg>${VALID_EMAIL}</arg>
<tag>PageContent</tag>
<tag>Setter</tag>
<doc>Clears and fills the given ``txt`` into the text field found by ``selector``.</doc>
<status status="PASS" start="2025-06-20T12:52:56.556148" elapsed="0.009581"/>
</kw>
<kw name="Fill Text" owner="Browser">
<msg time="2025-06-20T12:52:56.566434" level="INFO">Fills the text '9JeZSSav' in the given field.</msg>
<arg>data-testid=password</arg>
<arg>${VALID_PASSWORD}</arg>
<tag>PageContent</tag>
<tag>Setter</tag>
<doc>Clears and fills the given ``txt`` into the text field found by ``selector``.</doc>
<status status="PASS" start="2025-06-20T12:52:56.565925" elapsed="0.009819"/>
</kw>
<kw name="Click" owner="Browser">
<msg time="2025-06-20T12:52:56.576399" level="INFO">Clicks the element 'data-testid=checkbox'.</msg>
<arg>data-testid=checkbox</arg>
<tag>PageContent</tag>
<tag>Setter</tag>
<doc>Simulates mouse click on the element found by ``selector``.</doc>
<status status="PASS" start="2025-06-20T12:52:56.575935" elapsed="0.043045"/>
</kw>
<kw name="Click" owner="Browser">
<msg time="2025-06-20T12:52:56.619645" level="INFO">Clicks the element 'data-testid=cadastrar'.</msg>
<arg>data-testid=cadastrar</arg>
<tag>PageContent</tag>
<tag>Setter</tag>
<doc>Simulates mouse click on the element found by ``selector``.</doc>
<status status="PASS" start="2025-06-20T12:52:56.619170" elapsed="0.034310"/>
</kw>
<kw name="Wait For Elements State" owner="Browser">
<msg time="2025-06-20T12:52:57.473723" level="INFO">Waited for Element with selector text=Cadastro realizado com sucesso at state visible</msg>
<arg>text=Cadastro realizado com sucesso</arg>
<arg>visible</arg>
<arg>timeout=5s</arg>
<tag>PageContent</tag>
<tag>Wait</tag>
<doc>Waits for the element found by ``selector`` to satisfy state option.</doc>
<status status="PASS" start="2025-06-20T12:52:56.653697" elapsed="0.820187"/>
</kw>
<kw name="Sleep" owner="BuiltIn">
<msg time="2025-06-20T12:53:02.474794" level="INFO">Slept 5 seconds.</msg>
<arg>5</arg>
<doc>Pauses the test executed for the given time.</doc>
<status status="PASS" start="2025-06-20T12:52:57.474051" elapsed="5.000856"/>
</kw>
<status status="PASS" start="2025-06-20T12:52:55.841803" elapsed="6.633201"/>
</kw>
<kw name="Create Dictionary" owner="BuiltIn">
<msg time="2025-06-20T12:53:02.475722" level="INFO">${user} = {'email': 'tshepard@example.org', 'password': '9JeZSSav'}</msg>
<var>${user}</var>
<arg>email=${VALID_EMAIL}</arg>
<arg>password=${VALID_PASSWORD}</arg>
<doc>Creates and returns a dictionary based on the given ``items``.</doc>
<status status="PASS" start="2025-06-20T12:53:02.475278" elapsed="0.000469"/>
</kw>
<kw name="Go To Login Page" owner="base">
<kw name="Go To" owner="Browser">
<msg time="2025-06-20T12:53:03.153495" level="INFO">Successfully opened URL https://compassuolfront.serverest.dev/login</msg>
<arg>${BASE_URL}/login</arg>
<tag>BrowserControl</tag>
<tag>Setter</tag>
<doc>Navigates to the given ``url``.</doc>
<status status="PASS" start="2025-06-20T12:53:02.476199" elapsed="0.677475"/>
</kw>
<kw name="Wait For Elements State" owner="Browser">
<msg time="2025-06-20T12:53:03.164480" level="INFO">Waited for Element with selector text=login at state visible</msg>
<arg>text=login</arg>
<arg>visible</arg>
<tag>PageContent</tag>
<tag>Wait</tag>
<doc>Waits for the element found by ``selector`` to satisfy state option.</doc>
<status status="PASS" start="2025-06-20T12:53:03.153853" elapsed="0.010781"/>
</kw>
<kw name="Click" owner="Browser">
<msg time="2025-06-20T12:53:03.165286" level="INFO">Clicks the element 'text=login'.</msg>
<arg>text=login</arg>
<tag>PageContent</tag>
<tag>Setter</tag>
<doc>Simulates mouse click on the element found by ``selector``.</doc>
<status status="PASS" start="2025-06-20T12:53:03.164802" elapsed="0.034971"/>
</kw>
<kw name="Wait For Elements State" owner="Browser">
<msg time="2025-06-20T12:53:03.203608" level="INFO">Waited for Element with selector id=email at state visible</msg>
<arg>id=email</arg>
<arg>visible</arg>
<tag>PageContent</tag>
<tag>Wait</tag>
<doc>Waits for the element found by ``selector`` to satisfy state option.</doc>
<status status="PASS" start="2025-06-20T12:53:03.199964" elapsed="0.003751"/>
</kw>
<status status="PASS" start="2025-06-20T12:53:02.475947" elapsed="0.727848"/>
</kw>
<kw name="Submit sign up form" owner="LoginPage">
<kw name="Fill Text" owner="Browser">
<msg time="2025-06-20T12:53:03.205010" level="INFO">Fills the text 'tshepard@example.org' in the given field.</msg>
<arg>${email_field}</arg>
<arg>${user}[email]</arg>
<tag>PageContent</tag>
<tag>Setter</tag>
<doc>Clears and fills the given ``txt`` into the text field found by ``selector``.</doc>
<status status="PASS" start="2025-06-20T12:53:03.204578" elapsed="0.007632"/>
</kw>
<kw name="Fill Text" owner="Browser">
<msg time="2025-06-20T12:53:03.213108" level="INFO">Fills the text '9JeZSSav' in the given field.</msg>
<arg>${password_field}</arg>
<arg>${user}[password]</arg>
<tag>PageContent</tag>
<tag>Setter</tag>
<doc>Clears and fills the given ``txt`` into the text field found by ``selector``.</doc>
<status status="PASS" start="2025-06-20T12:53:03.212463" elapsed="0.009041"/>
</kw>
<arg>${user}</arg>
<status status="PASS" start="2025-06-20T12:53:03.204145" elapsed="0.017472"/>
</kw>
<kw name="Click" owner="Browser">
<msg time="2025-06-20T12:53:03.222402" level="INFO">Clicks the element 'css=.btn-primary'.</msg>
<arg>${login_btn}</arg>
<tag>PageContent</tag>
<tag>Setter</tag>
<doc>Simulates mouse click on the element found by ``selector``.</doc>
<status status="PASS" start="2025-06-20T12:53:03.221883" elapsed="0.029769"/>
</kw>
<kw name="Message should contain" owner="LoginPage">
<kw name="Wait For Elements State" owner="Browser">
<msg time="2025-06-20T12:53:04.066484" level="INFO">Waited for Element with selector css=.jumbotron h1 at state visible</msg>
<arg>${welcome_message}</arg>
<arg>visible</arg>
<arg>10</arg>
<tag>PageContent</tag>
<tag>Wait</tag>
<doc>Waits for the element found by ``selector`` to satisfy state option.</doc>
<status status="PASS" start="2025-06-20T12:53:03.252576" elapsed="0.814195"/>
</kw>
<kw name="Get Text" owner="Browser">
<msg time="2025-06-20T12:53:04.085619" level="INFO">Text: 'Bem Vindo Pamela Pena'</msg>
<arg>${welcome_message}</arg>
<arg>contains</arg>
<arg>Bem Vindo</arg>
<tag>Assertion</tag>
<tag>Getter</tag>
<tag>PageContent</tag>
<doc>Returns text attribute of the element found by ``selector``.</doc>
<status status="PASS" start="2025-06-20T12:53:04.067008" elapsed="0.018727"/>
</kw>
<doc>Verifica que aparece a mensagem de boas-vindas após login bem sucedido.</doc>
<status status="PASS" start="2025-06-20T12:53:03.252083" elapsed="0.833774"/>
</kw>
<msg time="2025-06-20T12:53:04.094362" level="INFO">Switching context to context=d5c723b5-6bd9-4d70-b991-503ea5baa6ca in CURRENT</msg>
<msg time="2025-06-20T12:53:04.099812" level="INFO">Successfully changed active context: context=d5c723b5-6bd9-4d70-b991-503ea5baa6ca</msg>
<msg time="2025-06-20T12:53:04.128618" level="INFO">Successfully closed Context</msg>
<doc>Verifica se o login é bem-sucedido com credenciais válidas</doc>
<tag>authentication</tag>
<tag>login</tag>
<tag>positive</tag>
<tag>smoke</tag>
<status status="PASS" start="2025-06-20T12:52:53.836353" elapsed="10.249712"/>
</test>
<test id="s1-t3" name="Login com senha incorreta" line="45">
<kw name="Start Session" owner="base" type="SETUP">
<kw name="New Browser" owner="Browser">
<msg time="2025-06-20T12:53:04.133620" level="INFO">Switching browser to browser=38e08aba-be2f-4e80-96f7-79f52cf04ddc</msg>
<msg time="2025-06-20T12:53:04.135867" level="INFO">Successfully changed active browser: browser=38e08aba-be2f-4e80-96f7-79f52cf04ddc</msg>
<msg time="2025-06-20T12:53:04.136010" level="INFO">Reusing existing browser with id: browser=38e08aba-be2f-4e80-96f7-79f52cf04ddc</msg>
<arg>browser=chromium</arg>
<arg>headless=False</arg>
<tag>BrowserControl</tag>
<tag>Setter</tag>
<doc>Create a new playwright Browser with specified options.</doc>
<status status="PASS" start="2025-06-20T12:53:04.133118" elapsed="0.002965"/>
</kw>
<kw name="New Page" owner="Browser">
<msg time="2025-06-20T12:53:06.194390" level="INFO">Successfully initialized new page object and opened url: https://compassuolfront.serverest.dev</msg>
<msg time="2025-06-20T12:53:06.194481" level="INFO">No context was open. New context was automatically opened when this page is created.</msg>
<arg>${BASE_URL}</arg>
<tag>BrowserControl</tag>
<tag>Setter</tag>
<doc>Open a new Page.</doc>
<status status="PASS" start="2025-06-20T12:53:04.136264" elapsed="2.058389"/>
</kw>
<status status="PASS" start="2025-06-20T12:53:04.132746" elapsed="2.062026"/>
</kw>
<kw name="Create Dictionary" owner="BuiltIn">
<msg time="2025-06-20T12:53:06.195657" level="INFO">${user} = {'email': 'tshepard@example.org', 'password': 'teste321'}</msg>
<var>${user}</var>
<arg>email=${VALID_EMAIL}</arg>
<arg>password=${INVALID_PASSWORD}</arg>
<doc>Creates and returns a dictionary based on the given ``items``.</doc>
<status status="PASS" start="2025-06-20T12:53:06.195083" elapsed="0.000606"/>
</kw>
<kw name="Submit sign up form" owner="LoginPage">
<kw name="Fill Text" owner="Browser">
<msg time="2025-06-20T12:53:06.196955" level="INFO">Fills the text 'tshepard@example.org' in the given field.</msg>
<arg>${email_field}</arg>
<arg>${user}[email]</arg>
<tag>PageContent</tag>
<tag>Setter</tag>
<doc>Clears and fills the given ``txt`` into the text field found by ``selector``.</doc>
<status status="PASS" start="2025-06-20T12:53:06.196431" elapsed="0.095495"/>
</kw>
<kw name="Fill Text" owner="Browser">
<msg time="2025-06-20T12:53:06.292720" level="INFO">Fills the text 'teste321' in the given field.</msg>
<arg>${password_field}</arg>
<arg>${user}[password]</arg>
<tag>PageContent</tag>
<tag>Setter</tag>
<doc>Clears and fills the given ``txt`` into the text field found by ``selector``.</doc>
<status status="PASS" start="2025-06-20T12:53:06.292138" elapsed="0.011471"/>
</kw>
<arg>${user}</arg>
<status status="PASS" start="2025-06-20T12:53:06.195996" elapsed="0.107739"/>
</kw>
<kw name="Click" owner="Browser">
<msg time="2025-06-20T12:53:06.304570" level="INFO">Clicks the element 'css=.btn-primary'.</msg>
<arg>${login_btn}</arg>
<tag>PageContent</tag>
<tag>Setter</tag>
<doc>Simulates mouse click on the element found by ``selector``.</doc>
<status status="PASS" start="2025-06-20T12:53:06.304014" elapsed="0.035129"/>
</kw>
<kw name="Alert should be" owner="base">
<kw name="Wait For Elements State" owner="Browser">
<msg time="2025-06-20T12:53:07.156181" level="INFO">Waited for Element with selector xpath=//span[text()="Email e/ou senha inválidos"] at state visible</msg>
<arg>xpath=//span[text()="${expected_text}"]</arg>
<arg>visible</arg>
<arg>5</arg>
<tag>PageContent</tag>
<tag>Wait</tag>
<doc>Waits for the element found by ``selector`` to satisfy state option.</doc>
<status status="PASS" start="2025-06-20T12:53:06.340046" elapsed="0.816295"/>
</kw>
<arg>${ERROR_INVALID_CREDENTIALS}</arg>
<status status="PASS" start="2025-06-20T12:53:06.339532" elapsed="0.816907"/>
</kw>
<msg time="2025-06-20T12:53:07.164957" level="INFO">Switching context to context=7cc77669-dee7-4fcc-a789-d04705676b6d in CURRENT</msg>
<msg time="2025-06-20T12:53:07.168864" level="INFO">Successfully changed active context: context=7cc77669-dee7-4fcc-a789-d04705676b6d</msg>
<msg time="2025-06-20T12:53:07.193754" level="INFO">Successfully closed Context</msg>
<doc>Verifica se o sistema rejeita login com senha incorreta</doc>
<tag>authentication</tag>
<tag>login</tag>
<tag>negative</tag>
<tag>security</tag>
<status status="PASS" start="2025-06-20T12:53:04.129523" elapsed="3.027195"/>
</test>
<test id="s1-t4" name="Login com email não cadastrado" line="61">
<kw name="Start Session" owner="base" type="SETUP">
<kw name="New Browser" owner="Browser">
<msg time="2025-06-20T12:53:07.198635" level="INFO">Switching browser to browser=38e08aba-be2f-4e80-96f7-79f52cf04ddc</msg>
<msg time="2025-06-20T12:53:07.200358" level="INFO">Successfully changed active browser: browser=38e08aba-be2f-4e80-96f7-79f52cf04ddc</msg>
<msg time="2025-06-20T12:53:07.200461" level="INFO">Reusing existing browser with id: browser=38e08aba-be2f-4e80-96f7-79f52cf04ddc</msg>
<arg>browser=chromium</arg>
<arg>headless=False</arg>
<tag>BrowserControl</tag>
<tag>Setter</tag>
<doc>Create a new playwright Browser with specified options.</doc>
<status status="PASS" start="2025-06-20T12:53:07.198035" elapsed="0.002478"/>
</kw>
<kw name="New Page" owner="Browser">
<msg time="2025-06-20T12:53:09.187656" level="INFO">Successfully initialized new page object and opened url: https://compassuolfront.serverest.dev</msg>
<msg time="2025-06-20T12:53:09.187745" level="INFO">No context was open. New context was automatically opened when this page is created.</msg>
<arg>${BASE_URL}</arg>
<tag>BrowserControl</tag>
<tag>Setter</tag>
<doc>Open a new Page.</doc>
<status status="PASS" start="2025-06-20T12:53:07.200686" elapsed="1.987218"/>
</kw>
<status status="PASS" start="2025-06-20T12:53:07.197550" elapsed="1.990460"/>
</kw>
<kw name="Create Dictionary" owner="BuiltIn">
<msg time="2025-06-20T12:53:09.189010" level="INFO">${user} = {'email': 'invalid@mail.com', 'password': '9JeZSSav'}</msg>
<var>${user}</var>
<arg>email=${INVALID_EMAIL}</arg>
<arg>password=${VALID_PASSWORD}</arg>
<doc>Creates and returns a dictionary based on the given ``items``.</doc>
<status status="PASS" start="2025-06-20T12:53:09.188413" elapsed="0.000625"/>
</kw>
<kw name="Submit sign up form" owner="LoginPage">
<kw name="Fill Text" owner="Browser">
<msg time="2025-06-20T12:53:09.190130" level="INFO">Fills the text 'invalid@mail.com' in the given field.</msg>
<arg>${email_field}</arg>
<arg>${user}[email]</arg>
<tag>PageContent</tag>
<tag>Setter</tag>
<doc>Clears and fills the given ``txt`` into the text field found by ``selector``.</doc>
<status status="PASS" start="2025-06-20T12:53:09.189671" elapsed="0.022311"/>
</kw>
<kw name="Fill Text" owner="Browser">
<msg time="2025-06-20T12:53:09.212911" level="INFO">Fills the text '9JeZSSav' in the given field.</msg>
<arg>${password_field}</arg>
<arg>${user}[password]</arg>
<tag>PageContent</tag>
<tag>Setter</tag>
<doc>Clears and fills the given ``txt`` into the text field found by ``selector``.</doc>
<status status="PASS" start="2025-06-20T12:53:09.212335" elapsed="0.069623"/>
</kw>
<arg>${user}</arg>
<status status="PASS" start="2025-06-20T12:53:09.189300" elapsed="0.092771"/>
</kw>
<kw name="Click" owner="Browser">
<msg time="2025-06-20T12:53:09.282845" level="INFO">Clicks the element 'css=.btn-primary'.</msg>
<arg>${login_btn}</arg>
<tag>PageContent</tag>
<tag>Setter</tag>
<doc>Simulates mouse click on the element found by ``selector``.</doc>
<status status="PASS" start="2025-06-20T12:53:09.282340" elapsed="0.038587"/>
</kw>
<kw name="Alert should be" owner="base">
<kw name="Wait For Elements State" owner="Browser">
<msg time="2025-06-20T12:53:10.145276" level="INFO">Waited for Element with selector xpath=//span[text()="Email e/ou senha inválidos"] at state visible</msg>
<arg>xpath=//span[text()="${expected_text}"]</arg>
<arg>visible</arg>
<arg>5</arg>
<tag>PageContent</tag>
<tag>Wait</tag>
<doc>Waits for the element found by ``selector`` to satisfy state option.</doc>
<status status="PASS" start="2025-06-20T12:53:09.321723" elapsed="0.823716"/>
</kw>
<arg>${ERROR_INVALID_CREDENTIALS}</arg>
<status status="PASS" start="2025-06-20T12:53:09.321281" elapsed="0.824254"/>
</kw>
<msg time="2025-06-20T12:53:10.153035" level="INFO">Switching context to context=6949fe2e-24c3-4d44-92f1-a79a21b3c14b in CURRENT</msg>
<msg time="2025-06-20T12:53:10.156641" level="INFO">Successfully changed active context: context=6949fe2e-24c3-4d44-92f1-a79a21b3c14b</msg>
<msg time="2025-06-20T12:53:10.179737" level="INFO">Successfully closed Context</msg>
<doc>Verifica se o sistema rejeita login com email não cadastrado</doc>
<tag>authentication</tag>
<tag>login</tag>
<tag>negative</tag>
<tag>security</tag>
<status status="PASS" start="2025-06-20T12:53:07.194537" elapsed="2.951205"/>
</test>
<doc>Cenários de testes na página de Login</doc>
<status status="PASS" start="2025-06-20T12:52:48.332093" elapsed="21.848684"/>
</suite>
<statistics>
<total>
<stat pass="4" fail="0" skip="0">All Tests</stat>
</total>
<tag>
<stat pass="4" fail="0" skip="0">authentication</stat>
<stat pass="4" fail="0" skip="0">login</stat>
<stat pass="3" fail="0" skip="0">negative</stat>
<stat pass="1" fail="0" skip="0">positive</stat>
<stat pass="2" fail="0" skip="0">security</stat>
<stat pass="1" fail="0" skip="0">smoke</stat>
<stat pass="1" fail="0" skip="0">validation</stat>
</tag>
<suite>
<stat name="Login" id="s1" pass="4" fail="0" skip="0">Login</stat>
</suite>
</statistics>
<errors>
</errors>
</robot>
